Performing C SOURCE FILE Test CMAKE_HAVE_LIBC_PTHREAD failed with the following output:
Change Dir: /home/nightfury/CLionProjects/winnove-medical-interview/build/CMakeFiles/CMakeTmp

Run Build Command(s):/usr/bin/gmake cmTC_8ece5/fast && /usr/bin/gmake  -f CMakeFiles/cmTC_8ece5.dir/build.make CMakeFiles/cmTC_8ece5.dir/build
gmake[1]: Entering directory '/home/nightfury/CLionProjects/winnove-medical-interview/build/CMakeFiles/CMakeTmp'
Building C object CMakeFiles/cmTC_8ece5.dir/src.c.o
/usr/bin/cc   -DCMAKE_HAVE_LIBC_PTHREAD -o CMakeFiles/cmTC_8ece5.dir/src.c.o -c /home/nightfury/CLionProjects/winnove-medical-interview/build/CMakeFiles/CMakeTmp/src.c
Linking C executable cmTC_8ece5
/usr/bin/cmake -E cmake_link_script CMakeFiles/cmTC_8ece5.dir/link.txt --verbose=1
/usr/bin/cc  -DCMAKE_HAVE_LIBC_PTHREAD CMakeFiles/cmTC_8ece5.dir/src.c.o -o cmTC_8ece5 
/usr/bin/ld: CMakeFiles/cmTC_8ece5.dir/src.c.o: in function `main':
src.c:(.text+0x46): undefined reference to `pthread_create'
/usr/bin/ld: src.c:(.text+0x52): undefined reference to `pthread_detach'
/usr/bin/ld: src.c:(.text+0x5e): undefined reference to `pthread_cancel'
/usr/bin/ld: src.c:(.text+0x6f): undefined reference to `pthread_join'
collect2: error: ld returned 1 exit status
gmake[1]: *** [CMakeFiles/cmTC_8ece5.dir/build.make:106: cmTC_8ece5] Error 1
gmake[1]: Leaving directory '/home/nightfury/CLionProjects/winnove-medical-interview/build/CMakeFiles/CMakeTmp'
gmake: *** [Makefile:140: cmTC_8ece5/fast] Error 2


Source file was:
#include <pthread.h>

void* test_func(void* data)
{
  return data;
}

int main(void)
{
  pthread_t thread;
  pthread_create(&thread, NULL, test_func, NULL);
  pthread_detach(thread);
  pthread_cancel(thread);
  pthread_join(thread, NULL);
  pthread_atfork(NULL, NULL, NULL);
  pthread_exit(NULL);

  return 0;
}

Determining if the function pthread_create exists in the pthreads failed with the following output:
Change Dir: /home/nightfury/CLionProjects/winnove-medical-interview/build/CMakeFiles/CMakeTmp

Run Build Command(s):/usr/bin/gmake cmTC_76679/fast && /usr/bin/gmake  -f CMakeFiles/cmTC_76679.dir/build.make CMakeFiles/cmTC_76679.dir/build
gmake[1]: Entering directory '/home/nightfury/CLionProjects/winnove-medical-interview/build/CMakeFiles/CMakeTmp'
Building C object CMakeFiles/cmTC_76679.dir/CheckFunctionExists.c.o
/usr/bin/cc   -DCHECK_FUNCTION_EXISTS=pthread_create -o CMakeFiles/cmTC_76679.dir/CheckFunctionExists.c.o -c /usr/share/cmake-3.18/Modules/CheckFunctionExists.c
Linking C executable cmTC_76679
/usr/bin/cmake -E cmake_link_script CMakeFiles/cmTC_76679.dir/link.txt --verbose=1
/usr/bin/cc  -DCHECK_FUNCTION_EXISTS=pthread_create CMakeFiles/cmTC_76679.dir/CheckFunctionExists.c.o -o cmTC_76679  -lpthreads 
/usr/bin/ld: cannot find -lpthreads
collect2: error: ld returned 1 exit status
gmake[1]: *** [CMakeFiles/cmTC_76679.dir/build.make:106: cmTC_76679] Error 1
gmake[1]: Leaving directory '/home/nightfury/CLionProjects/winnove-medical-interview/build/CMakeFiles/CMakeTmp'
gmake: *** [Makefile:140: cmTC_76679/fast] Error 2



